<?xml version="1.0" encoding="UTF-8"?>
<!-- Generated by org.testng.reporters.JUnitReportReporter -->
<testsuite hostname="DESKTOP-3MTQQQJ" failures="0" tests="1" name="test.Testing" time="3.596" errors="0" timestamp="2023-10-04T20:20:09 BDT" skipped="0">
  <testcase classname="test.Testing" name="Test" time="3.596"/>
</testsuite> <!-- test.Testing -->
